{
  "stats": {
    "suites": 1,
    "tests": 1,
    "passes": 1,
    "pending": 0,
    "failures": 0,
    "start": "2022-05-21T20:59:35.744Z",
    "end": "2022-05-21T20:59:36.516Z",
    "duration": 772,
    "testsRegistered": 1,
    "passPercent": 100,
    "pendingPercent": 0,
    "other": 0,
    "hasOther": false,
    "skipped": 0,
    "hasSkipped": false
  },
  "results": [
    {
      "uuid": "dcc0cfcd-c7ea-4f39-9699-6858f8cdca76",
      "title": "",
      "fullFile": "cypress/tests/api-tests/users-api.spec.js",
      "file": "cypress/tests/api-tests/users-api.spec.js",
      "beforeHooks": [],
      "afterHooks": [],
      "tests": [],
      "suites": [
        {
          "uuid": "acdb8fa0-1876-4955-a1bd-0362ed8b8373",
          "title": "Test 1 - API Testing",
          "fullFile": "",
          "file": "",
          "beforeHooks": [],
          "afterHooks": [],
          "tests": [
            {
              "title": "Validate Chelsey Dietrich has Zipcode 33263",
              "fullTitle": "Test 1 - API Testing Validate Chelsey Dietrich has Zipcode 33263",
              "timedOut": null,
              "duration": 720,
              "state": "passed",
              "speed": "fast",
              "pass": true,
              "fail": false,
              "pending": false,
              "context": null,
              "code": "cy.request({\n  method: 'GET',\n  url: Cypress.env('apiEndpoint') + '/users',\n  headers: {\n    accept: 'application/json'\n  }\n}).as('usersRequest');\ncy.get('@usersRequest').then(response => {\n  expect(response.status).to.eq(200);\n  assert.isArray(response.body, 'Users Response is an array');\n  expect(response.body[4]).to.have.property('name', 'Chelsey Dietrich');\n  expect(response.body[4].address).to.have.property('zipcode', userZipCode);\n});",
              "err": {},
              "uuid": "7909bde9-9af8-4560-b247-96b82a6469bf",
              "parentUUID": "acdb8fa0-1876-4955-a1bd-0362ed8b8373",
              "isHook": false,
              "skipped": false
            }
          ],
          "suites": [],
          "passes": [
            "7909bde9-9af8-4560-b247-96b82a6469bf"
          ],
          "failures": [],
          "pending": [],
          "skipped": [],
          "duration": 720,
          "root": false,
          "rootEmpty": false,
          "_timeout": 2000
        }
      ],
      "passes": [],
      "failures": [],
      "pending": [],
      "skipped": [],
      "duration": 0,
      "root": true,
      "rootEmpty": true,
      "_timeout": 2000
    }
  ],
  "meta": {
    "mocha": {
      "version": "7.0.1"
    },
    "mochawesome": {
      "options": {
        "quiet": true,
        "reportFilename": "[status]_[datetime]-[name]-report",
        "saveHtml": false,
        "saveJson": true,
        "consoleReporter": "spec",
        "useInlineDiffs": false,
        "code": true
      },
      "version": "7.1.3"
    },
    "marge": {
      "options": {
        "id": "default",
        "reportDir": "cypress/reports/mochareports",
        "reportTitle": "Codup Test Report",
        "reportPageTitle": "Codup Test Report",
        "reportFilename": "[status]_[datetime]-[name]-report",
        "timestamp": "longDate",
        "quiet": true,
        "inline": true,
        "charts": true,
        "overwrite": false,
        "html": false,
        "json": true
      },
      "version": "6.2.0"
    }
  }
}